<?xml version="1.0" encoding="UTF-8"?>
<!-- Generated by org.testng.reporters.JUnitReportReporter -->
<testsuite hostname="LAPTOP-76FA927J" failures="0" tests="1" name="testcases.HomeLoanTest" time="0.011" errors="0" timestamp="27 Apr 2023 06:27:38 GMT" skipped="0">
  <testcase classname="testcases.HomeLoanTest" name="test2" time="0.011"/>
</testsuite> <!-- testcases.HomeLoanTest -->
