<?xml version="1.0" encoding="UTF-8"?>
<!-- Generated by org.testng.reporters.JUnitReportReporter -->
<testsuite hostname="LAPTOP-76FA927J" failures="0" tests="1" name="testcases.CarLoanTest" time="0.003" errors="0" timestamp="27 Apr 2023 06:09:52 GMT" skipped="0">
  <testcase classname="testcases.CarLoanTest" name="test3" time="0.003"/>
</testsuite> <!-- testcases.CarLoanTest -->
