<?xml version="1.0" encoding="UTF-8"?>
<!-- Generated by org.testng.reporters.JUnitReportReporter -->
<testsuite skipped="0" hostname="LAPTOP-76FA927J" name="testcases.HomeLoanTest" tests="1" failures="0" timestamp="27 Apr 2023 06:42:42 GMT" time="0.003" errors="0">
  <testcase name="test2" time="0.003" classname="testcases.HomeLoanTest"/>
</testsuite> <!-- testcases.HomeLoanTest -->
